<?xml version="1.0" encoding="UTF-8"?>
<!-- Generated by org.testng.reporters.JUnitXMLReporter -->
<testsuite ignored="6" hostname="DESKTOP-CN5728E" failures="0" tests="15" name="Test" time="53.608" errors="0" timestamp="2023-06-29T16:22:10 IST">
  <testcase classname="com.Serviceobjectmodel.Scripts.ServiceLoginTest" name="verifySigninInvalidUserInvalidpass" time="1.22"/>
  <testcase classname="com.Serviceobjectmodel.Scripts.ServiceLoginTest" name="verifySigninInvalidUserValidpass" time="0.88"/>
  <testcase classname="com.Serviceobjectmodel.Scripts.ServiceLoginTest" name="verifySigninValidUserInvalidpass" time="0.862"/>
  <testcase classname="com.Serviceobjectmodel.Scripts.ServiceLoginTest" name="verifySigninValidUserValidpass" time="2.085"/>
  <testcase classname="com.Serviceobjectmodel.Scripts.HomeTest" name="verifyingReparation" time="4.151"/>
  <testcase classname="com.Serviceobjectmodel.Scripts.HomeTest" name="verifyingshowdroping" time="0.276"/>
  <testcase classname="com.Serviceobjectmodel.Scripts.HomeTest" name="verifyingColumn" time="0.139"/>
  <testcase classname="com.Serviceobjectmodel.Scripts.HomeTest" name="verifyingnewColumn" time="0.095"/>
  <testcase classname="com.Serviceobjectmodel.Scripts.HomeTest" name="verifyingColumnView" time="0.235"/>
  <testcase classname="com.Serviceobjectmodel.Scripts.HomeTest" name="verifyingurl" time="0.916"/>
  <testcase classname="com.Serviceobjectmodel.Scripts.ProductTest" name="verifyrow" time="0.035"/>
  <testcase classname="com.Serviceobjectmodel.Scripts.ProductTest" name="verifyaction" time="0.019"/>
  <testcase classname="com.Serviceobjectmodel.Scripts.ProductTest" name="verifyactionClass" time="0.332"/>
  <testcase classname="com.Serviceobjectmodel.Scripts.ProductTest" name="verifynavigation" time="1.67"/>
  <testcase classname="com.Serviceobjectmodel.Scripts.ProductTest" name="verifypictureisuploaded" time="0.881"/>
  <testcase classname="com.Serviceobjectmodel.Base.TestBaseService" name="@BeforeTest beforeTest" time="0.0">
    <ignored/>
  </testcase> <!-- @BeforeTest beforeTest -->
  <testcase classname="com.Serviceobjectmodel.Base.TestBaseService" name="@AfterTest afterTest" time="0.0">
    <ignored/>
  </testcase> <!-- @AfterTest afterTest -->
  <testcase classname="com.Serviceobjectmodel.Base.TestBaseService" name="@AfterTest afterTest" time="0.0">
    <ignored/>
  </testcase> <!-- @AfterTest afterTest -->
  <testcase classname="com.Serviceobjectmodel.Base.TestBaseService" name="@BeforeTest beforeTest" time="0.0">
    <ignored/>
  </testcase> <!-- @BeforeTest beforeTest -->
  <testcase classname="com.Serviceobjectmodel.Base.TestBaseService" name="@BeforeTest beforeTest" time="0.0">
    <ignored/>
  </testcase> <!-- @BeforeTest beforeTest -->
  <testcase classname="com.Serviceobjectmodel.Base.TestBaseService" name="@AfterTest afterTest" time="0.0">
    <ignored/>
  </testcase> <!-- @AfterTest afterTest -->
</testsuite> <!-- Test -->
