<?xml version="1.0" encoding="UTF-8"?>
<testng-results ignored="6" total="20" passed="14" failed="0" skipped="0">
  <reporter-output>
  </reporter-output>
  <suite started-at="2023-06-28T11:28:31 IST" name="Suite" finished-at="2023-06-28T11:28:53 IST" duration-ms="21186">
    <groups>
      <group name="smoke">
        <method signature="ServiceLoginTest.verifySigninInvalidUserInvalidpass(java.lang.String,java.lang.String)[pri:1, instance:com.Serviceobjectmodel.Scripts.ServiceLoginTest@4b0d79fc]" name="verifySigninInvalidUserInvalidpass" class="com.Serviceobjectmodel.Scripts.ServiceLoginTest"/>
      </group> <!-- smoke -->
    </groups>
    <test started-at="2023-06-28T11:28:31 IST" name="Test" finished-at="2023-06-28T11:28:53 IST" duration-ms="21186">
      <class name="com.Serviceobjectmodel.Scripts.ProductTest">
        <test-method signature="verifyrow()[pri:16, instance:com.Serviceobjectmodel.Scripts.ProductTest@428640fa]" started-at="2023-06-28T11:28:52 IST" name="verifyrow" finished-at="2023-06-28T11:28:52 IST" duration-ms="31" status="PASS">
          <reporter-output>
          </reporter-output>
        </test-method> <!-- verifyrow -->
        <test-method is-config="true" signature="takeScreenShotOnFailure(org.testng.ITestResult)[pri:0, instance:com.Serviceobjectmodel.Scripts.ProductTest@428640fa]" started-at="2023-06-28T11:28:52 IST" name="takeScreenShotOnFailure" finished-at="2023-06-28T11:28:52 IST" duration-ms="1" status="PASS">
          <params>
            <param index="0">
              <value>
                <![CDATA[[TestResult name=verifyrow status=SUCCESS method=ProductTest.verifyrow()[pri:16, instance:com.Serviceobjectmodel.Scripts.ProductTest@428640fa] output={null}]]]>
              </value>
            </param>
          </params>
          <reporter-output>
          </reporter-output>
        </test-method> <!-- takeScreenShotOnFailure -->
        <test-method signature="verifyaction()[pri:17, instance:com.Serviceobjectmodel.Scripts.ProductTest@428640fa]" started-at="2023-06-28T11:28:52 IST" name="verifyaction" finished-at="2023-06-28T11:28:52 IST" duration-ms="96" status="PASS">
          <reporter-output>
          </reporter-output>
        </test-method> <!-- verifyaction -->
        <test-method is-config="true" signature="takeScreenShotOnFailure(org.testng.ITestResult)[pri:0, instance:com.Serviceobjectmodel.Scripts.ProductTest@428640fa]" started-at="2023-06-28T11:28:52 IST" name="takeScreenShotOnFailure" finished-at="2023-06-28T11:28:52 IST" duration-ms="0" status="PASS">
          <params>
            <param index="0">
              <value>
                <![CDATA[[TestResult name=verifyaction status=SUCCESS method=ProductTest.verifyaction()[pri:17, instance:com.Serviceobjectmodel.Scripts.ProductTest@428640fa] output={null}]]]>
              </value>
            </param>
          </params>
          <reporter-output>
          </reporter-output>
        </test-method> <!-- takeScreenShotOnFailure -->
        <test-method signature="verifyactionClass()[pri:18, instance:com.Serviceobjectmodel.Scripts.ProductTest@428640fa]" started-at="2023-06-28T11:28:52 IST" name="verifyactionClass" finished-at="2023-06-28T11:28:52 IST" duration-ms="227" status="PASS">
          <reporter-output>
          </reporter-output>
        </test-method> <!-- verifyactionClass -->
        <test-method is-config="true" signature="takeScreenShotOnFailure(org.testng.ITestResult)[pri:0, instance:com.Serviceobjectmodel.Scripts.ProductTest@428640fa]" started-at="2023-06-28T11:28:52 IST" name="takeScreenShotOnFailure" finished-at="2023-06-28T11:28:52 IST" duration-ms="0" status="PASS">
          <params>
            <param index="0">
              <value>
                <![CDATA[[TestResult name=verifyactionClass status=SUCCESS method=ProductTest.verifyactionClass()[pri:18, instance:com.Serviceobjectmodel.Scripts.ProductTest@428640fa] output={null}]]]>
              </value>
            </param>
          </params>
          <reporter-output>
          </reporter-output>
        </test-method> <!-- takeScreenShotOnFailure -->
      </class> <!-- com.Serviceobjectmodel.Scripts.ProductTest -->
      <class name="com.Serviceobjectmodel.Base.TestBaseService">
        <test-method is-config="true" signature="beforeTest(java.lang.String)[pri:0, instance:com.Serviceobjectmodel.Base.TestBaseService@290222c1]" started-at="2023-06-28T11:28:31 IST" name="beforeTest" finished-at="2023-06-28T11:28:39 IST" duration-ms="7733" status="PASS">
          <params>
            <param index="0">
              <value>
                <![CDATA[chrome]]>
              </value>
            </param>
          </params>
          <reporter-output>
          </reporter-output>
        </test-method> <!-- beforeTest -->
        <test-method is-config="true" signature="afterTest()[pri:0, instance:com.Serviceobjectmodel.Base.TestBaseService@290222c1]" started-at="2023-06-28T11:28:52 IST" name="afterTest" finished-at="2023-06-28T11:28:53 IST" duration-ms="685" status="PASS">
          <reporter-output>
          </reporter-output>
        </test-method> <!-- afterTest -->
      </class> <!-- com.Serviceobjectmodel.Base.TestBaseService -->
      <class name="com.Serviceobjectmodel.Scripts.ServiceLoginTest">
        <test-method signature="verifySigninInvalidUserInvalidpass(java.lang.String,java.lang.String)[pri:1, instance:com.Serviceobjectmodel.Scripts.ServiceLoginTest@4b0d79fc]" started-at="2023-06-28T11:28:40 IST" name="verifySigninInvalidUserInvalidpass" data-provider="invalidUserInvalidPassword" finished-at="2023-06-28T11:28:42 IST" duration-ms="1154" status="PASS">
          <params>
            <param index="0">
              <value>
                <![CDATA[user@user.com]]>
              </value>
            </param>
            <param index="1">
              <value>
                <![CDATA[namesofuser]]>
              </value>
            </param>
          </params>
          <reporter-output>
          </reporter-output>
        </test-method> <!-- verifySigninInvalidUserInvalidpass -->
        <test-method is-config="true" signature="takeScreenShotOnFailure(org.testng.ITestResult)[pri:0, instance:com.Serviceobjectmodel.Scripts.ServiceLoginTest@4b0d79fc]" started-at="2023-06-28T11:28:42 IST" name="takeScreenShotOnFailure" finished-at="2023-06-28T11:28:42 IST" duration-ms="2" status="PASS">
          <params>
            <param index="0">
              <value>
                <![CDATA[[TestResult name=verifySigninInvalidUserInvalidpass status=SUCCESS method=ServiceLoginTest.verifySigninInvalidUserInvalidpass(java.lang.String,java.lang.String)[pri:1, instance:com.Serviceobjectmodel.Scripts.ServiceLoginTest@4b0d79fc] output={null}]]]>
              </value>
            </param>
          </params>
          <reporter-output>
          </reporter-output>
        </test-method> <!-- takeScreenShotOnFailure -->
        <test-method signature="verifySigninInvalidUserValidpass(java.lang.String,java.lang.String)[pri:2, instance:com.Serviceobjectmodel.Scripts.ServiceLoginTest@4b0d79fc]" started-at="2023-06-28T11:28:42 IST" name="verifySigninInvalidUserValidpass" data-provider="invalidUserValidpassword" finished-at="2023-06-28T11:28:43 IST" duration-ms="831" status="PASS">
          <params>
            <param index="0">
              <value>
                <![CDATA[life@life.com]]>
              </value>
            </param>
            <param index="1">
              <value>
                <![CDATA[password]]>
              </value>
            </param>
          </params>
          <reporter-output>
          </reporter-output>
        </test-method> <!-- verifySigninInvalidUserValidpass -->
        <test-method is-config="true" signature="takeScreenShotOnFailure(org.testng.ITestResult)[pri:0, instance:com.Serviceobjectmodel.Scripts.ServiceLoginTest@4b0d79fc]" started-at="2023-06-28T11:28:43 IST" name="takeScreenShotOnFailure" finished-at="2023-06-28T11:28:43 IST" duration-ms="1" status="PASS">
          <params>
            <param index="0">
              <value>
                <![CDATA[[TestResult name=verifySigninInvalidUserValidpass status=SUCCESS method=ServiceLoginTest.verifySigninInvalidUserValidpass(java.lang.String,java.lang.String)[pri:2, instance:com.Serviceobjectmodel.Scripts.ServiceLoginTest@4b0d79fc] output={null}]]]>
              </value>
            </param>
          </params>
          <reporter-output>
          </reporter-output>
        </test-method> <!-- takeScreenShotOnFailure -->
        <test-method signature="verifySigninValidUserInvalidpass(java.lang.String,java.lang.String)[pri:3, instance:com.Serviceobjectmodel.Scripts.ServiceLoginTest@4b0d79fc]" started-at="2023-06-28T11:28:43 IST" name="verifySigninValidUserInvalidpass" data-provider="validUserInvalidPassword" finished-at="2023-06-28T11:28:43 IST" duration-ms="768" status="PASS">
          <params>
            <param index="0">
              <value>
                <![CDATA[admin@admin.com]]>
              </value>
            </param>
            <param index="1">
              <value>
                <![CDATA[nameoflife]]>
              </value>
            </param>
          </params>
          <reporter-output>
          </reporter-output>
        </test-method> <!-- verifySigninValidUserInvalidpass -->
        <test-method is-config="true" signature="takeScreenShotOnFailure(org.testng.ITestResult)[pri:0, instance:com.Serviceobjectmodel.Scripts.ServiceLoginTest@4b0d79fc]" started-at="2023-06-28T11:28:43 IST" name="takeScreenShotOnFailure" finished-at="2023-06-28T11:28:43 IST" duration-ms="1" status="PASS">
          <params>
            <param index="0">
              <value>
                <![CDATA[[TestResult name=verifySigninValidUserInvalidpass status=SUCCESS method=ServiceLoginTest.verifySigninValidUserInvalidpass(java.lang.String,java.lang.String)[pri:3, instance:com.Serviceobjectmodel.Scripts.ServiceLoginTest@4b0d79fc] output={null}]]]>
              </value>
            </param>
          </params>
          <reporter-output>
          </reporter-output>
        </test-method> <!-- takeScreenShotOnFailure -->
        <test-method signature="verifySigninValidUserValidpass(java.lang.String,java.lang.String)[pri:4, instance:com.Serviceobjectmodel.Scripts.ServiceLoginTest@4b0d79fc]" started-at="2023-06-28T11:28:44 IST" name="verifySigninValidUserValidpass" data-provider="validUserValidpassword" finished-at="2023-06-28T11:28:46 IST" duration-ms="2753" status="PASS">
          <params>
            <param index="0">
              <value>
                <![CDATA[admin@admin.com]]>
              </value>
            </param>
            <param index="1">
              <value>
                <![CDATA[password]]>
              </value>
            </param>
          </params>
          <reporter-output>
          </reporter-output>
        </test-method> <!-- verifySigninValidUserValidpass -->
        <test-method is-config="true" signature="takeScreenShotOnFailure(org.testng.ITestResult)[pri:0, instance:com.Serviceobjectmodel.Scripts.ServiceLoginTest@4b0d79fc]" started-at="2023-06-28T11:28:46 IST" name="takeScreenShotOnFailure" finished-at="2023-06-28T11:28:46 IST" duration-ms="1" status="PASS">
          <params>
            <param index="0">
              <value>
                <![CDATA[[TestResult name=verifySigninValidUserValidpass status=SUCCESS method=ServiceLoginTest.verifySigninValidUserValidpass(java.lang.String,java.lang.String)[pri:4, instance:com.Serviceobjectmodel.Scripts.ServiceLoginTest@4b0d79fc] output={null}]]]>
              </value>
            </param>
          </params>
          <reporter-output>
          </reporter-output>
        </test-method> <!-- takeScreenShotOnFailure -->
      </class> <!-- com.Serviceobjectmodel.Scripts.ServiceLoginTest -->
      <class name="com.Serviceobjectmodel.Scripts.HomeTest">
        <test-method signature="verifyingReparation()[pri:6, instance:com.Serviceobjectmodel.Scripts.HomeTest@4c1909a3]" started-at="2023-06-28T11:28:46 IST" name="verifyingReparation" description="verify more info of Reparation tab " finished-at="2023-06-28T11:28:50 IST" duration-ms="3476" status="PASS">
          <reporter-output>
          </reporter-output>
        </test-method> <!-- verifyingReparation -->
        <test-method is-config="true" signature="takeScreenShotOnFailure(org.testng.ITestResult)[pri:0, instance:com.Serviceobjectmodel.Scripts.HomeTest@4c1909a3]" started-at="2023-06-28T11:28:50 IST" name="takeScreenShotOnFailure" finished-at="2023-06-28T11:28:50 IST" duration-ms="2" status="PASS">
          <params>
            <param index="0">
              <value>
                <![CDATA[[TestResult name=verifyingReparation status=SUCCESS method=HomeTest.verifyingReparation()[pri:6, instance:com.Serviceobjectmodel.Scripts.HomeTest@4c1909a3] output={null}]]]>
              </value>
            </param>
          </params>
          <reporter-output>
          </reporter-output>
        </test-method> <!-- takeScreenShotOnFailure -->
        <test-method signature="verifyingsearch()[pri:7, instance:com.Serviceobjectmodel.Scripts.HomeTest@4c1909a3]" started-at="2023-06-28T11:28:50 IST" name="verifyingsearch" description="verify search" finished-at="2023-06-28T11:28:50 IST" duration-ms="169" status="PASS">
          <reporter-output>
          </reporter-output>
        </test-method> <!-- verifyingsearch -->
        <test-method is-config="true" signature="takeScreenShotOnFailure(org.testng.ITestResult)[pri:0, instance:com.Serviceobjectmodel.Scripts.HomeTest@4c1909a3]" started-at="2023-06-28T11:28:50 IST" name="takeScreenShotOnFailure" finished-at="2023-06-28T11:28:50 IST" duration-ms="1" status="PASS">
          <params>
            <param index="0">
              <value>
                <![CDATA[[TestResult name=verifyingsearch status=SUCCESS method=HomeTest.verifyingsearch()[pri:7, instance:com.Serviceobjectmodel.Scripts.HomeTest@4c1909a3] output={null}]]]>
              </value>
            </param>
          </params>
          <reporter-output>
          </reporter-output>
        </test-method> <!-- takeScreenShotOnFailure -->
        <test-method signature="verifyingColumn()[pri:8, instance:com.Serviceobjectmodel.Scripts.HomeTest@4c1909a3]" started-at="2023-06-28T11:28:50 IST" name="verifyingColumn" description="verify column button in reparation page " finished-at="2023-06-28T11:28:50 IST" duration-ms="204" status="PASS">
          <reporter-output>
          </reporter-output>
        </test-method> <!-- verifyingColumn -->
        <test-method is-config="true" signature="takeScreenShotOnFailure(org.testng.ITestResult)[pri:0, instance:com.Serviceobjectmodel.Scripts.HomeTest@4c1909a3]" started-at="2023-06-28T11:28:50 IST" name="takeScreenShotOnFailure" finished-at="2023-06-28T11:28:50 IST" duration-ms="1" status="PASS">
          <params>
            <param index="0">
              <value>
                <![CDATA[[TestResult name=verifyingColumn status=SUCCESS method=HomeTest.verifyingColumn()[pri:8, instance:com.Serviceobjectmodel.Scripts.HomeTest@4c1909a3] output={null}]]]>
              </value>
            </param>
          </params>
          <reporter-output>
          </reporter-output>
        </test-method> <!-- takeScreenShotOnFailure -->
        <test-method signature="verifyingnewColumn()[pri:9, instance:com.Serviceobjectmodel.Scripts.HomeTest@4c1909a3]" started-at="2023-06-28T11:28:50 IST" name="verifyingnewColumn" description="verifynew column of reparation page is visible " finished-at="2023-06-28T11:28:50 IST" duration-ms="96" status="PASS">
          <reporter-output>
          </reporter-output>
        </test-method> <!-- verifyingnewColumn -->
        <test-method is-config="true" signature="takeScreenShotOnFailure(org.testng.ITestResult)[pri:0, instance:com.Serviceobjectmodel.Scripts.HomeTest@4c1909a3]" started-at="2023-06-28T11:28:50 IST" name="takeScreenShotOnFailure" finished-at="2023-06-28T11:28:50 IST" duration-ms="0" status="PASS">
          <params>
            <param index="0">
              <value>
                <![CDATA[[TestResult name=verifyingnewColumn status=SUCCESS method=HomeTest.verifyingnewColumn()[pri:9, instance:com.Serviceobjectmodel.Scripts.HomeTest@4c1909a3] output={null}]]]>
              </value>
            </param>
          </params>
          <reporter-output>
          </reporter-output>
        </test-method> <!-- takeScreenShotOnFailure -->
        <test-method signature="verifyingshowdroping()[pri:10, instance:com.Serviceobjectmodel.Scripts.HomeTest@4c1909a3]" started-at="2023-06-28T11:28:50 IST" name="verifyingshowdroping" description="verify showdrop" finished-at="2023-06-28T11:28:51 IST" duration-ms="326" status="PASS">
          <reporter-output>
          </reporter-output>
        </test-method> <!-- verifyingshowdroping -->
        <test-method is-config="true" signature="takeScreenShotOnFailure(org.testng.ITestResult)[pri:0, instance:com.Serviceobjectmodel.Scripts.HomeTest@4c1909a3]" started-at="2023-06-28T11:28:51 IST" name="takeScreenShotOnFailure" finished-at="2023-06-28T11:28:51 IST" duration-ms="0" status="PASS">
          <params>
            <param index="0">
              <value>
                <![CDATA[[TestResult name=verifyingshowdroping status=SUCCESS method=HomeTest.verifyingshowdroping()[pri:10, instance:com.Serviceobjectmodel.Scripts.HomeTest@4c1909a3] output={null}]]]>
              </value>
            </param>
          </params>
          <reporter-output>
          </reporter-output>
        </test-method> <!-- takeScreenShotOnFailure -->
        <test-method signature="verifyingColumnView()[pri:11, instance:com.Serviceobjectmodel.Scripts.HomeTest@4c1909a3]" started-at="2023-06-28T11:28:51 IST" name="verifyingColumnView" description="verify " finished-at="2023-06-28T11:28:51 IST" duration-ms="150" status="PASS">
          <reporter-output>
          </reporter-output>
        </test-method> <!-- verifyingColumnView -->
        <test-method is-config="true" signature="takeScreenShotOnFailure(org.testng.ITestResult)[pri:0, instance:com.Serviceobjectmodel.Scripts.HomeTest@4c1909a3]" started-at="2023-06-28T11:28:51 IST" name="takeScreenShotOnFailure" finished-at="2023-06-28T11:28:51 IST" duration-ms="1" status="PASS">
          <params>
            <param index="0">
              <value>
                <![CDATA[[TestResult name=verifyingColumnView status=SUCCESS method=HomeTest.verifyingColumnView()[pri:11, instance:com.Serviceobjectmodel.Scripts.HomeTest@4c1909a3] output={null}]]]>
              </value>
            </param>
          </params>
          <reporter-output>
          </reporter-output>
        </test-method> <!-- takeScreenShotOnFailure -->
        <test-method signature="verifyingurl()[pri:15, instance:com.Serviceobjectmodel.Scripts.HomeTest@4c1909a3]" started-at="2023-06-28T11:28:51 IST" name="verifyingurl" description="verifynew url" finished-at="2023-06-28T11:28:52 IST" duration-ms="730" status="PASS">
          <reporter-output>
          </reporter-output>
        </test-method> <!-- verifyingurl -->
        <test-method is-config="true" signature="takeScreenShotOnFailure(org.testng.ITestResult)[pri:0, instance:com.Serviceobjectmodel.Scripts.HomeTest@4c1909a3]" started-at="2023-06-28T11:28:52 IST" name="takeScreenShotOnFailure" finished-at="2023-06-28T11:28:52 IST" duration-ms="0" status="PASS">
          <params>
            <param index="0">
              <value>
                <![CDATA[[TestResult name=verifyingurl status=SUCCESS method=HomeTest.verifyingurl()[pri:15, instance:com.Serviceobjectmodel.Scripts.HomeTest@4c1909a3] output={null}]]]>
              </value>
            </param>
          </params>
          <reporter-output>
          </reporter-output>
        </test-method> <!-- takeScreenShotOnFailure -->
      </class> <!-- com.Serviceobjectmodel.Scripts.HomeTest -->
    </test> <!-- Test -->
  </suite> <!-- Suite -->
</testng-results>
