<?xml version="1.0" encoding="UTF-8"?>
<testng-results ignored="4" total="14" passed="10" failed="0" skipped="0">
  <reporter-output>
  </reporter-output>
  <suite started-at="2023-06-25T21:33:06 IST" name="Suite" finished-at="2023-06-25T21:33:24 IST" duration-ms="17980">
    <groups>
      <group name="smoke">
        <method signature="ServiceLoginTest.verifySigninInvalidUserInvalidpass(java.lang.String,java.lang.String)[pri:1, instance:com.Serviceobjectmodel.Scripts.ServiceLoginTest@1151e434]" name="verifySigninInvalidUserInvalidpass" class="com.Serviceobjectmodel.Scripts.ServiceLoginTest"/>
      </group> <!-- smoke -->
    </groups>
    <test started-at="2023-06-25T21:33:06 IST" name="Test" finished-at="2023-06-25T21:33:24 IST" duration-ms="17980">
      <class name="com.Serviceobjectmodel.Base.TestBaseService">
        <test-method is-config="true" signature="beforeTest(java.lang.String)[pri:0, instance:com.Serviceobjectmodel.Base.TestBaseService@23c30a20]" started-at="2023-06-25T21:33:06 IST" name="beforeTest" finished-at="2023-06-25T21:33:14 IST" duration-ms="7764" status="PASS">
          <params>
            <param index="0">
              <value>
                <![CDATA[chrome]]>
              </value>
            </param>
          </params>
          <reporter-output>
          </reporter-output>
        </test-method> <!-- beforeTest -->
        <test-method is-config="true" signature="afterTest()[pri:0, instance:com.Serviceobjectmodel.Base.TestBaseService@23c30a20]" started-at="2023-06-25T21:33:24 IST" name="afterTest" finished-at="2023-06-25T21:33:24 IST" duration-ms="408" status="PASS">
          <reporter-output>
          </reporter-output>
        </test-method> <!-- afterTest -->
      </class> <!-- com.Serviceobjectmodel.Base.TestBaseService -->
      <class name="com.Serviceobjectmodel.Scripts.ServiceLoginTest">
        <test-method signature="verifySigninInvalidUserInvalidpass(java.lang.String,java.lang.String)[pri:1, instance:com.Serviceobjectmodel.Scripts.ServiceLoginTest@1151e434]" started-at="2023-06-25T21:33:14 IST" name="verifySigninInvalidUserInvalidpass" data-provider="invalidUserInvalidPassword" finished-at="2023-06-25T21:33:15 IST" duration-ms="761" status="PASS">
          <params>
            <param index="0">
              <value>
                <![CDATA[user@user.com]]>
              </value>
            </param>
            <param index="1">
              <value>
                <![CDATA[namesofuser]]>
              </value>
            </param>
          </params>
          <reporter-output>
          </reporter-output>
        </test-method> <!-- verifySigninInvalidUserInvalidpass -->
        <test-method is-config="true" signature="takeScreenShotOnFailure(org.testng.ITestResult)[pri:0, instance:com.Serviceobjectmodel.Scripts.ServiceLoginTest@1151e434]" started-at="2023-06-25T21:33:15 IST" name="takeScreenShotOnFailure" finished-at="2023-06-25T21:33:15 IST" duration-ms="1" status="PASS">
          <params>
            <param index="0">
              <value>
                <![CDATA[[TestResult name=verifySigninInvalidUserInvalidpass status=SUCCESS method=ServiceLoginTest.verifySigninInvalidUserInvalidpass(java.lang.String,java.lang.String)[pri:1, instance:com.Serviceobjectmodel.Scripts.ServiceLoginTest@1151e434] output={null}]]]>
              </value>
            </param>
          </params>
          <reporter-output>
          </reporter-output>
        </test-method> <!-- takeScreenShotOnFailure -->
        <test-method signature="verifySigninInvalidUserValidpass(java.lang.String,java.lang.String)[pri:2, instance:com.Serviceobjectmodel.Scripts.ServiceLoginTest@1151e434]" started-at="2023-06-25T21:33:15 IST" name="verifySigninInvalidUserValidpass" data-provider="invalidUserValidpassword" finished-at="2023-06-25T21:33:16 IST" duration-ms="628" status="PASS">
          <params>
            <param index="0">
              <value>
                <![CDATA[life@life.com]]>
              </value>
            </param>
            <param index="1">
              <value>
                <![CDATA[password]]>
              </value>
            </param>
          </params>
          <reporter-output>
          </reporter-output>
        </test-method> <!-- verifySigninInvalidUserValidpass -->
        <test-method is-config="true" signature="takeScreenShotOnFailure(org.testng.ITestResult)[pri:0, instance:com.Serviceobjectmodel.Scripts.ServiceLoginTest@1151e434]" started-at="2023-06-25T21:33:16 IST" name="takeScreenShotOnFailure" finished-at="2023-06-25T21:33:16 IST" duration-ms="1" status="PASS">
          <params>
            <param index="0">
              <value>
                <![CDATA[[TestResult name=verifySigninInvalidUserValidpass status=SUCCESS method=ServiceLoginTest.verifySigninInvalidUserValidpass(java.lang.String,java.lang.String)[pri:2, instance:com.Serviceobjectmodel.Scripts.ServiceLoginTest@1151e434] output={null}]]]>
              </value>
            </param>
          </params>
          <reporter-output>
          </reporter-output>
        </test-method> <!-- takeScreenShotOnFailure -->
        <test-method signature="verifySigninValidUserInvalidpass(java.lang.String,java.lang.String)[pri:3, instance:com.Serviceobjectmodel.Scripts.ServiceLoginTest@1151e434]" started-at="2023-06-25T21:33:16 IST" name="verifySigninValidUserInvalidpass" data-provider="validUserInvalidPassword" finished-at="2023-06-25T21:33:17 IST" duration-ms="611" status="PASS">
          <params>
            <param index="0">
              <value>
                <![CDATA[admin@admin.com]]>
              </value>
            </param>
            <param index="1">
              <value>
                <![CDATA[nameoflife]]>
              </value>
            </param>
          </params>
          <reporter-output>
          </reporter-output>
        </test-method> <!-- verifySigninValidUserInvalidpass -->
        <test-method is-config="true" signature="takeScreenShotOnFailure(org.testng.ITestResult)[pri:0, instance:com.Serviceobjectmodel.Scripts.ServiceLoginTest@1151e434]" started-at="2023-06-25T21:33:17 IST" name="takeScreenShotOnFailure" finished-at="2023-06-25T21:33:17 IST" duration-ms="1" status="PASS">
          <params>
            <param index="0">
              <value>
                <![CDATA[[TestResult name=verifySigninValidUserInvalidpass status=SUCCESS method=ServiceLoginTest.verifySigninValidUserInvalidpass(java.lang.String,java.lang.String)[pri:3, instance:com.Serviceobjectmodel.Scripts.ServiceLoginTest@1151e434] output={null}]]]>
              </value>
            </param>
          </params>
          <reporter-output>
          </reporter-output>
        </test-method> <!-- takeScreenShotOnFailure -->
        <test-method signature="verifySigninValidUserValidpass(java.lang.String,java.lang.String)[pri:4, instance:com.Serviceobjectmodel.Scripts.ServiceLoginTest@1151e434]" started-at="2023-06-25T21:33:17 IST" name="verifySigninValidUserValidpass" data-provider="validUserValidpassword" finished-at="2023-06-25T21:33:19 IST" duration-ms="2539" status="PASS">
          <params>
            <param index="0">
              <value>
                <![CDATA[admin@admin.com]]>
              </value>
            </param>
            <param index="1">
              <value>
                <![CDATA[password]]>
              </value>
            </param>
          </params>
          <reporter-output>
          </reporter-output>
        </test-method> <!-- verifySigninValidUserValidpass -->
        <test-method is-config="true" signature="takeScreenShotOnFailure(org.testng.ITestResult)[pri:0, instance:com.Serviceobjectmodel.Scripts.ServiceLoginTest@1151e434]" started-at="2023-06-25T21:33:19 IST" name="takeScreenShotOnFailure" finished-at="2023-06-25T21:33:19 IST" duration-ms="0" status="PASS">
          <params>
            <param index="0">
              <value>
                <![CDATA[[TestResult name=verifySigninValidUserValidpass status=SUCCESS method=ServiceLoginTest.verifySigninValidUserValidpass(java.lang.String,java.lang.String)[pri:4, instance:com.Serviceobjectmodel.Scripts.ServiceLoginTest@1151e434] output={null}]]]>
              </value>
            </param>
          </params>
          <reporter-output>
          </reporter-output>
        </test-method> <!-- takeScreenShotOnFailure -->
      </class> <!-- com.Serviceobjectmodel.Scripts.ServiceLoginTest -->
      <class name="com.Serviceobjectmodel.Scripts.HomeTest">
        <test-method signature="verifyingReparation()[pri:6, instance:com.Serviceobjectmodel.Scripts.HomeTest@2dc54ad4]" started-at="2023-06-25T21:33:19 IST" name="verifyingReparation" description="verify more info of Reparation tab " finished-at="2023-06-25T21:33:23 IST" duration-ms="3710" status="PASS">
          <reporter-output>
          </reporter-output>
        </test-method> <!-- verifyingReparation -->
        <test-method is-config="true" signature="takeScreenShotOnFailure(org.testng.ITestResult)[pri:0, instance:com.Serviceobjectmodel.Scripts.HomeTest@2dc54ad4]" started-at="2023-06-25T21:33:23 IST" name="takeScreenShotOnFailure" finished-at="2023-06-25T21:33:23 IST" duration-ms="1" status="PASS">
          <params>
            <param index="0">
              <value>
                <![CDATA[[TestResult name=verifyingReparation status=SUCCESS method=HomeTest.verifyingReparation()[pri:6, instance:com.Serviceobjectmodel.Scripts.HomeTest@2dc54ad4] output={null}]]]>
              </value>
            </param>
          </params>
          <reporter-output>
          </reporter-output>
        </test-method> <!-- takeScreenShotOnFailure -->
        <test-method signature="verifyingColumn()[pri:7, instance:com.Serviceobjectmodel.Scripts.HomeTest@2dc54ad4]" started-at="2023-06-25T21:33:23 IST" name="verifyingColumn" description="verify column " finished-at="2023-06-25T21:33:23 IST" duration-ms="156" status="PASS">
          <reporter-output>
          </reporter-output>
        </test-method> <!-- verifyingColumn -->
        <test-method is-config="true" signature="takeScreenShotOnFailure(org.testng.ITestResult)[pri:0, instance:com.Serviceobjectmodel.Scripts.HomeTest@2dc54ad4]" started-at="2023-06-25T21:33:23 IST" name="takeScreenShotOnFailure" finished-at="2023-06-25T21:33:23 IST" duration-ms="1" status="PASS">
          <params>
            <param index="0">
              <value>
                <![CDATA[[TestResult name=verifyingColumn status=SUCCESS method=HomeTest.verifyingColumn()[pri:7, instance:com.Serviceobjectmodel.Scripts.HomeTest@2dc54ad4] output={null}]]]>
              </value>
            </param>
          </params>
          <reporter-output>
          </reporter-output>
        </test-method> <!-- takeScreenShotOnFailure -->
        <test-method signature="verifyingnewColumn()[pri:8, instance:com.Serviceobjectmodel.Scripts.HomeTest@2dc54ad4]" started-at="2023-06-25T21:33:23 IST" name="verifyingnewColumn" description="verifynew column " finished-at="2023-06-25T21:33:23 IST" duration-ms="36" status="PASS">
          <reporter-output>
          </reporter-output>
        </test-method> <!-- verifyingnewColumn -->
        <test-method is-config="true" signature="takeScreenShotOnFailure(org.testng.ITestResult)[pri:0, instance:com.Serviceobjectmodel.Scripts.HomeTest@2dc54ad4]" started-at="2023-06-25T21:33:23 IST" name="takeScreenShotOnFailure" finished-at="2023-06-25T21:33:23 IST" duration-ms="1" status="PASS">
          <params>
            <param index="0">
              <value>
                <![CDATA[[TestResult name=verifyingnewColumn status=SUCCESS method=HomeTest.verifyingnewColumn()[pri:8, instance:com.Serviceobjectmodel.Scripts.HomeTest@2dc54ad4] output={null}]]]>
              </value>
            </param>
          </params>
          <reporter-output>
          </reporter-output>
        </test-method> <!-- takeScreenShotOnFailure -->
        <test-method signature="verifyingColumnView()[pri:9, instance:com.Serviceobjectmodel.Scripts.HomeTest@2dc54ad4]" started-at="2023-06-25T21:33:23 IST" name="verifyingColumnView" description="verifynew column " finished-at="2023-06-25T21:33:23 IST" duration-ms="273" status="PASS">
          <reporter-output>
          </reporter-output>
        </test-method> <!-- verifyingColumnView -->
        <test-method is-config="true" signature="takeScreenShotOnFailure(org.testng.ITestResult)[pri:0, instance:com.Serviceobjectmodel.Scripts.HomeTest@2dc54ad4]" started-at="2023-06-25T21:33:23 IST" name="takeScreenShotOnFailure" finished-at="2023-06-25T21:33:23 IST" duration-ms="6" status="PASS">
          <params>
            <param index="0">
              <value>
                <![CDATA[[TestResult name=verifyingColumnView status=SUCCESS method=HomeTest.verifyingColumnView()[pri:9, instance:com.Serviceobjectmodel.Scripts.HomeTest@2dc54ad4] output={null}]]]>
              </value>
            </param>
          </params>
          <reporter-output>
          </reporter-output>
        </test-method> <!-- takeScreenShotOnFailure -->
        <test-method signature="verifyingshowdroping()[pri:10, instance:com.Serviceobjectmodel.Scripts.HomeTest@2dc54ad4]" started-at="2023-06-25T21:33:23 IST" name="verifyingshowdroping" description="verify showdrop" finished-at="2023-06-25T21:33:24 IST" duration-ms="170" status="PASS">
          <reporter-output>
          </reporter-output>
        </test-method> <!-- verifyingshowdroping -->
        <test-method is-config="true" signature="takeScreenShotOnFailure(org.testng.ITestResult)[pri:0, instance:com.Serviceobjectmodel.Scripts.HomeTest@2dc54ad4]" started-at="2023-06-25T21:33:24 IST" name="takeScreenShotOnFailure" finished-at="2023-06-25T21:33:24 IST" duration-ms="0" status="PASS">
          <params>
            <param index="0">
              <value>
                <![CDATA[[TestResult name=verifyingshowdroping status=SUCCESS method=HomeTest.verifyingshowdroping()[pri:10, instance:com.Serviceobjectmodel.Scripts.HomeTest@2dc54ad4] output={null}]]]>
              </value>
            </param>
          </params>
          <reporter-output>
          </reporter-output>
        </test-method> <!-- takeScreenShotOnFailure -->
        <test-method signature="verifyingNewResultFilter()[pri:12, instance:com.Serviceobjectmodel.Scripts.HomeTest@2dc54ad4]" started-at="2023-06-25T21:33:24 IST" name="verifyingNewResultFilter" description="verify new verify filter" finished-at="2023-06-25T21:33:24 IST" duration-ms="29" status="PASS">
          <reporter-output>
          </reporter-output>
        </test-method> <!-- verifyingNewResultFilter -->
        <test-method is-config="true" signature="takeScreenShotOnFailure(org.testng.ITestResult)[pri:0, instance:com.Serviceobjectmodel.Scripts.HomeTest@2dc54ad4]" started-at="2023-06-25T21:33:24 IST" name="takeScreenShotOnFailure" finished-at="2023-06-25T21:33:24 IST" duration-ms="0" status="PASS">
          <params>
            <param index="0">
              <value>
                <![CDATA[[TestResult name=verifyingNewResultFilter status=SUCCESS method=HomeTest.verifyingNewResultFilter()[pri:12, instance:com.Serviceobjectmodel.Scripts.HomeTest@2dc54ad4] output={null}]]]>
              </value>
            </param>
          </params>
          <reporter-output>
          </reporter-output>
        </test-method> <!-- takeScreenShotOnFailure -->
      </class> <!-- com.Serviceobjectmodel.Scripts.HomeTest -->
    </test> <!-- Test -->
  </suite> <!-- Suite -->
</testng-results>
