<?xml version="1.0" encoding="UTF-8"?>
<testng-results ignored="6" total="21" passed="15" failed="0" skipped="0">
  <reporter-output>
  </reporter-output>
  <suite started-at="2023-06-29T16:21:16 IST" name="Suite" finished-at="2023-06-29T16:22:09 IST" duration-ms="53608">
    <groups>
      <group name="smoke">
        <method signature="ServiceLoginTest.verifySigninInvalidUserInvalidpass(java.lang.String,java.lang.String)[pri:1, instance:com.Serviceobjectmodel.Scripts.ServiceLoginTest@4c1909a3]" name="verifySigninInvalidUserInvalidpass" class="com.Serviceobjectmodel.Scripts.ServiceLoginTest"/>
        <method signature="HomeTest.verifyingReparation()[pri:5, instance:com.Serviceobjectmodel.Scripts.HomeTest@428640fa]" name="verifyingReparation" class="com.Serviceobjectmodel.Scripts.HomeTest"/>
        <method signature="HomeTest.verifyingshowdroping()[pri:6, instance:com.Serviceobjectmodel.Scripts.HomeTest@428640fa]" name="verifyingshowdroping" class="com.Serviceobjectmodel.Scripts.HomeTest"/>
        <method signature="HomeTest.verifyingColumn()[pri:7, instance:com.Serviceobjectmodel.Scripts.HomeTest@428640fa]" name="verifyingColumn" class="com.Serviceobjectmodel.Scripts.HomeTest"/>
        <method signature="HomeTest.verifyingnewColumn()[pri:8, instance:com.Serviceobjectmodel.Scripts.HomeTest@428640fa]" name="verifyingnewColumn" class="com.Serviceobjectmodel.Scripts.HomeTest"/>
        <method signature="HomeTest.verifyingColumnView()[pri:9, instance:com.Serviceobjectmodel.Scripts.HomeTest@428640fa]" name="verifyingColumnView" class="com.Serviceobjectmodel.Scripts.HomeTest"/>
        <method signature="HomeTest.verifyingurl()[pri:11, instance:com.Serviceobjectmodel.Scripts.HomeTest@428640fa]" name="verifyingurl" class="com.Serviceobjectmodel.Scripts.HomeTest"/>
        <method signature="ProductTest.verifyrow()[pri:14, instance:com.Serviceobjectmodel.Scripts.ProductTest@d9345cd]" name="verifyrow" class="com.Serviceobjectmodel.Scripts.ProductTest"/>
        <method signature="ProductTest.verifyaction()[pri:15, instance:com.Serviceobjectmodel.Scripts.ProductTest@d9345cd]" name="verifyaction" class="com.Serviceobjectmodel.Scripts.ProductTest"/>
        <method signature="ProductTest.verifyactionClass()[pri:16, instance:com.Serviceobjectmodel.Scripts.ProductTest@d9345cd]" name="verifyactionClass" class="com.Serviceobjectmodel.Scripts.ProductTest"/>
        <method signature="ProductTest.verifynavigation()[pri:17, instance:com.Serviceobjectmodel.Scripts.ProductTest@d9345cd]" name="verifynavigation" class="com.Serviceobjectmodel.Scripts.ProductTest"/>
        <method signature="ProductTest.verifypictureisuploaded()[pri:18, instance:com.Serviceobjectmodel.Scripts.ProductTest@d9345cd]" name="verifypictureisuploaded" class="com.Serviceobjectmodel.Scripts.ProductTest"/>
      </group> <!-- smoke -->
    </groups>
    <test started-at="2023-06-29T16:21:16 IST" name="Test" finished-at="2023-06-29T16:22:09 IST" duration-ms="53608">
      <class name="com.Serviceobjectmodel.Scripts.ProductTest">
        <test-method signature="verifyrow()[pri:14, instance:com.Serviceobjectmodel.Scripts.ProductTest@d9345cd]" started-at="2023-06-29T16:22:06 IST" name="verifyrow" description="verify the entire row is selected" finished-at="2023-06-29T16:22:06 IST" duration-ms="35" status="PASS">
          <reporter-output>
          </reporter-output>
        </test-method> <!-- verifyrow -->
        <test-method is-config="true" signature="takeScreenShotOnFailure(org.testng.ITestResult)[pri:0, instance:com.Serviceobjectmodel.Scripts.ProductTest@d9345cd]" started-at="2023-06-29T16:22:06 IST" name="takeScreenShotOnFailure" finished-at="2023-06-29T16:22:06 IST" duration-ms="1" status="PASS">
          <params>
            <param index="0">
              <value>
                <![CDATA[[TestResult name=verifyrow status=SUCCESS method=ProductTest.verifyrow()[pri:14, instance:com.Serviceobjectmodel.Scripts.ProductTest@d9345cd] output={null}]]]>
              </value>
            </param>
          </params>
          <reporter-output>
          </reporter-output>
        </test-method> <!-- takeScreenShotOnFailure -->
        <test-method signature="verifyaction()[pri:15, instance:com.Serviceobjectmodel.Scripts.ProductTest@d9345cd]" started-at="2023-06-29T16:22:06 IST" name="verifyaction" description="Verify the action button" finished-at="2023-06-29T16:22:06 IST" duration-ms="19" status="PASS">
          <reporter-output>
          </reporter-output>
        </test-method> <!-- verifyaction -->
        <test-method is-config="true" signature="takeScreenShotOnFailure(org.testng.ITestResult)[pri:0, instance:com.Serviceobjectmodel.Scripts.ProductTest@d9345cd]" started-at="2023-06-29T16:22:06 IST" name="takeScreenShotOnFailure" finished-at="2023-06-29T16:22:06 IST" duration-ms="1" status="PASS">
          <params>
            <param index="0">
              <value>
                <![CDATA[[TestResult name=verifyaction status=SUCCESS method=ProductTest.verifyaction()[pri:15, instance:com.Serviceobjectmodel.Scripts.ProductTest@d9345cd] output={null}]]]>
              </value>
            </param>
          </params>
          <reporter-output>
          </reporter-output>
        </test-method> <!-- takeScreenShotOnFailure -->
        <test-method signature="verifyactionClass()[pri:16, instance:com.Serviceobjectmodel.Scripts.ProductTest@d9345cd]" started-at="2023-06-29T16:22:06 IST" name="verifyactionClass" finished-at="2023-06-29T16:22:07 IST" duration-ms="332" status="PASS">
          <reporter-output>
          </reporter-output>
        </test-method> <!-- verifyactionClass -->
        <test-method is-config="true" signature="takeScreenShotOnFailure(org.testng.ITestResult)[pri:0, instance:com.Serviceobjectmodel.Scripts.ProductTest@d9345cd]" started-at="2023-06-29T16:22:07 IST" name="takeScreenShotOnFailure" finished-at="2023-06-29T16:22:07 IST" duration-ms="1" status="PASS">
          <params>
            <param index="0">
              <value>
                <![CDATA[[TestResult name=verifyactionClass status=SUCCESS method=ProductTest.verifyactionClass()[pri:16, instance:com.Serviceobjectmodel.Scripts.ProductTest@d9345cd] output={null}]]]>
              </value>
            </param>
          </params>
          <reporter-output>
          </reporter-output>
        </test-method> <!-- takeScreenShotOnFailure -->
        <test-method signature="verifynavigation()[pri:17, instance:com.Serviceobjectmodel.Scripts.ProductTest@d9345cd]" started-at="2023-06-29T16:22:07 IST" name="verifynavigation" description="verify the entire row is selected" finished-at="2023-06-29T16:22:08 IST" duration-ms="1670" status="PASS">
          <reporter-output>
          </reporter-output>
        </test-method> <!-- verifynavigation -->
        <test-method is-config="true" signature="takeScreenShotOnFailure(org.testng.ITestResult)[pri:0, instance:com.Serviceobjectmodel.Scripts.ProductTest@d9345cd]" started-at="2023-06-29T16:22:08 IST" name="takeScreenShotOnFailure" finished-at="2023-06-29T16:22:08 IST" duration-ms="1" status="PASS">
          <params>
            <param index="0">
              <value>
                <![CDATA[[TestResult name=verifynavigation status=SUCCESS method=ProductTest.verifynavigation()[pri:17, instance:com.Serviceobjectmodel.Scripts.ProductTest@d9345cd] output={null}]]]>
              </value>
            </param>
          </params>
          <reporter-output>
          </reporter-output>
        </test-method> <!-- takeScreenShotOnFailure -->
        <test-method signature="verifypictureisuploaded()[pri:18, instance:com.Serviceobjectmodel.Scripts.ProductTest@d9345cd]" started-at="2023-06-29T16:22:08 IST" name="verifypictureisuploaded" description="verify the entire row is selected" finished-at="2023-06-29T16:22:09 IST" duration-ms="881" status="PASS">
          <reporter-output>
          </reporter-output>
        </test-method> <!-- verifypictureisuploaded -->
        <test-method is-config="true" signature="takeScreenShotOnFailure(org.testng.ITestResult)[pri:0, instance:com.Serviceobjectmodel.Scripts.ProductTest@d9345cd]" started-at="2023-06-29T16:22:09 IST" name="takeScreenShotOnFailure" finished-at="2023-06-29T16:22:09 IST" duration-ms="1" status="PASS">
          <params>
            <param index="0">
              <value>
                <![CDATA[[TestResult name=verifypictureisuploaded status=SUCCESS method=ProductTest.verifypictureisuploaded()[pri:18, instance:com.Serviceobjectmodel.Scripts.ProductTest@d9345cd] output={null}]]]>
              </value>
            </param>
          </params>
          <reporter-output>
          </reporter-output>
        </test-method> <!-- takeScreenShotOnFailure -->
      </class> <!-- com.Serviceobjectmodel.Scripts.ProductTest -->
      <class name="com.Serviceobjectmodel.Base.TestBaseService">
        <test-method is-config="true" signature="beforeTest(java.lang.String)[pri:0, instance:com.Serviceobjectmodel.Base.TestBaseService@67f639d3]" started-at="2023-06-29T16:21:16 IST" name="beforeTest" finished-at="2023-06-29T16:21:54 IST" duration-ms="37773" status="PASS">
          <params>
            <param index="0">
              <value>
                <![CDATA[chrome]]>
              </value>
            </param>
          </params>
          <reporter-output>
          </reporter-output>
        </test-method> <!-- beforeTest -->
        <test-method is-config="true" signature="afterTest()[pri:0, instance:com.Serviceobjectmodel.Base.TestBaseService@67f639d3]" started-at="2023-06-29T16:22:09 IST" name="afterTest" finished-at="2023-06-29T16:22:09 IST" duration-ms="302" status="PASS">
          <reporter-output>
          </reporter-output>
        </test-method> <!-- afterTest -->
      </class> <!-- com.Serviceobjectmodel.Base.TestBaseService -->
      <class name="com.Serviceobjectmodel.Scripts.ServiceLoginTest">
        <test-method signature="verifySigninInvalidUserInvalidpass(java.lang.String,java.lang.String)[pri:1, instance:com.Serviceobjectmodel.Scripts.ServiceLoginTest@4c1909a3]" started-at="2023-06-29T16:21:55 IST" name="verifySigninInvalidUserInvalidpass" data-provider="invalidUserInvalidPassword" finished-at="2023-06-29T16:21:56 IST" duration-ms="1220" status="PASS">
          <params>
            <param index="0">
              <value>
                <![CDATA[user@user.com]]>
              </value>
            </param>
            <param index="1">
              <value>
                <![CDATA[namesofuser]]>
              </value>
            </param>
          </params>
          <reporter-output>
          </reporter-output>
        </test-method> <!-- verifySigninInvalidUserInvalidpass -->
        <test-method is-config="true" signature="takeScreenShotOnFailure(org.testng.ITestResult)[pri:0, instance:com.Serviceobjectmodel.Scripts.ServiceLoginTest@4c1909a3]" started-at="2023-06-29T16:21:56 IST" name="takeScreenShotOnFailure" finished-at="2023-06-29T16:21:56 IST" duration-ms="1" status="PASS">
          <params>
            <param index="0">
              <value>
                <![CDATA[[TestResult name=verifySigninInvalidUserInvalidpass status=SUCCESS method=ServiceLoginTest.verifySigninInvalidUserInvalidpass(java.lang.String,java.lang.String)[pri:1, instance:com.Serviceobjectmodel.Scripts.ServiceLoginTest@4c1909a3] output={null}]]]>
              </value>
            </param>
          </params>
          <reporter-output>
          </reporter-output>
        </test-method> <!-- takeScreenShotOnFailure -->
        <test-method signature="verifySigninInvalidUserValidpass(java.lang.String,java.lang.String)[pri:2, instance:com.Serviceobjectmodel.Scripts.ServiceLoginTest@4c1909a3]" started-at="2023-06-29T16:21:56 IST" name="verifySigninInvalidUserValidpass" data-provider="invalidUserValidpassword" finished-at="2023-06-29T16:21:57 IST" duration-ms="880" status="PASS">
          <params>
            <param index="0">
              <value>
                <![CDATA[life@life.com]]>
              </value>
            </param>
            <param index="1">
              <value>
                <![CDATA[password]]>
              </value>
            </param>
          </params>
          <reporter-output>
          </reporter-output>
        </test-method> <!-- verifySigninInvalidUserValidpass -->
        <test-method is-config="true" signature="takeScreenShotOnFailure(org.testng.ITestResult)[pri:0, instance:com.Serviceobjectmodel.Scripts.ServiceLoginTest@4c1909a3]" started-at="2023-06-29T16:21:57 IST" name="takeScreenShotOnFailure" finished-at="2023-06-29T16:21:57 IST" duration-ms="1" status="PASS">
          <params>
            <param index="0">
              <value>
                <![CDATA[[TestResult name=verifySigninInvalidUserValidpass status=SUCCESS method=ServiceLoginTest.verifySigninInvalidUserValidpass(java.lang.String,java.lang.String)[pri:2, instance:com.Serviceobjectmodel.Scripts.ServiceLoginTest@4c1909a3] output={null}]]]>
              </value>
            </param>
          </params>
          <reporter-output>
          </reporter-output>
        </test-method> <!-- takeScreenShotOnFailure -->
        <test-method signature="verifySigninValidUserInvalidpass(java.lang.String,java.lang.String)[pri:3, instance:com.Serviceobjectmodel.Scripts.ServiceLoginTest@4c1909a3]" started-at="2023-06-29T16:21:57 IST" name="verifySigninValidUserInvalidpass" data-provider="validUserInvalidPassword" finished-at="2023-06-29T16:21:58 IST" duration-ms="862" status="PASS">
          <params>
            <param index="0">
              <value>
                <![CDATA[admin@admin.com]]>
              </value>
            </param>
            <param index="1">
              <value>
                <![CDATA[nameoflife]]>
              </value>
            </param>
          </params>
          <reporter-output>
          </reporter-output>
        </test-method> <!-- verifySigninValidUserInvalidpass -->
        <test-method is-config="true" signature="takeScreenShotOnFailure(org.testng.ITestResult)[pri:0, instance:com.Serviceobjectmodel.Scripts.ServiceLoginTest@4c1909a3]" started-at="2023-06-29T16:21:58 IST" name="takeScreenShotOnFailure" finished-at="2023-06-29T16:21:58 IST" duration-ms="1" status="PASS">
          <params>
            <param index="0">
              <value>
                <![CDATA[[TestResult name=verifySigninValidUserInvalidpass status=SUCCESS method=ServiceLoginTest.verifySigninValidUserInvalidpass(java.lang.String,java.lang.String)[pri:3, instance:com.Serviceobjectmodel.Scripts.ServiceLoginTest@4c1909a3] output={null}]]]>
              </value>
            </param>
          </params>
          <reporter-output>
          </reporter-output>
        </test-method> <!-- takeScreenShotOnFailure -->
        <test-method signature="verifySigninValidUserValidpass(java.lang.String,java.lang.String)[pri:4, instance:com.Serviceobjectmodel.Scripts.ServiceLoginTest@4c1909a3]" started-at="2023-06-29T16:21:58 IST" name="verifySigninValidUserValidpass" data-provider="validUserValidpassword" finished-at="2023-06-29T16:22:00 IST" duration-ms="2085" status="PASS">
          <params>
            <param index="0">
              <value>
                <![CDATA[admin@admin.com]]>
              </value>
            </param>
            <param index="1">
              <value>
                <![CDATA[password]]>
              </value>
            </param>
          </params>
          <reporter-output>
          </reporter-output>
        </test-method> <!-- verifySigninValidUserValidpass -->
        <test-method is-config="true" signature="takeScreenShotOnFailure(org.testng.ITestResult)[pri:0, instance:com.Serviceobjectmodel.Scripts.ServiceLoginTest@4c1909a3]" started-at="2023-06-29T16:22:00 IST" name="takeScreenShotOnFailure" finished-at="2023-06-29T16:22:00 IST" duration-ms="1" status="PASS">
          <params>
            <param index="0">
              <value>
                <![CDATA[[TestResult name=verifySigninValidUserValidpass status=SUCCESS method=ServiceLoginTest.verifySigninValidUserValidpass(java.lang.String,java.lang.String)[pri:4, instance:com.Serviceobjectmodel.Scripts.ServiceLoginTest@4c1909a3] output={null}]]]>
              </value>
            </param>
          </params>
          <reporter-output>
          </reporter-output>
        </test-method> <!-- takeScreenShotOnFailure -->
      </class> <!-- com.Serviceobjectmodel.Scripts.ServiceLoginTest -->
      <class name="com.Serviceobjectmodel.Scripts.HomeTest">
        <test-method signature="verifyingReparation()[pri:5, instance:com.Serviceobjectmodel.Scripts.HomeTest@428640fa]" started-at="2023-06-29T16:22:00 IST" name="verifyingReparation" description="verify more info of Reparation tab " finished-at="2023-06-29T16:22:04 IST" duration-ms="4151" status="PASS">
          <reporter-output>
          </reporter-output>
        </test-method> <!-- verifyingReparation -->
        <test-method is-config="true" signature="takeScreenShotOnFailure(org.testng.ITestResult)[pri:0, instance:com.Serviceobjectmodel.Scripts.HomeTest@428640fa]" started-at="2023-06-29T16:22:04 IST" name="takeScreenShotOnFailure" finished-at="2023-06-29T16:22:04 IST" duration-ms="1" status="PASS">
          <params>
            <param index="0">
              <value>
                <![CDATA[[TestResult name=verifyingReparation status=SUCCESS method=HomeTest.verifyingReparation()[pri:5, instance:com.Serviceobjectmodel.Scripts.HomeTest@428640fa] output={null}]]]>
              </value>
            </param>
          </params>
          <reporter-output>
          </reporter-output>
        </test-method> <!-- takeScreenShotOnFailure -->
        <test-method signature="verifyingshowdroping()[pri:6, instance:com.Serviceobjectmodel.Scripts.HomeTest@428640fa]" started-at="2023-06-29T16:22:05 IST" name="verifyingshowdroping" description="verify showdropdown  of Reparation table" finished-at="2023-06-29T16:22:05 IST" duration-ms="276" status="PASS">
          <reporter-output>
          </reporter-output>
        </test-method> <!-- verifyingshowdroping -->
        <test-method is-config="true" signature="takeScreenShotOnFailure(org.testng.ITestResult)[pri:0, instance:com.Serviceobjectmodel.Scripts.HomeTest@428640fa]" started-at="2023-06-29T16:22:05 IST" name="takeScreenShotOnFailure" finished-at="2023-06-29T16:22:05 IST" duration-ms="1" status="PASS">
          <params>
            <param index="0">
              <value>
                <![CDATA[[TestResult name=verifyingshowdroping status=SUCCESS method=HomeTest.verifyingshowdroping()[pri:6, instance:com.Serviceobjectmodel.Scripts.HomeTest@428640fa] output={null}]]]>
              </value>
            </param>
          </params>
          <reporter-output>
          </reporter-output>
        </test-method> <!-- takeScreenShotOnFailure -->
        <test-method signature="verifyingColumn()[pri:7, instance:com.Serviceobjectmodel.Scripts.HomeTest@428640fa]" started-at="2023-06-29T16:22:05 IST" name="verifyingColumn" description="verify column button in reparation page " finished-at="2023-06-29T16:22:05 IST" duration-ms="139" status="PASS">
          <reporter-output>
          </reporter-output>
        </test-method> <!-- verifyingColumn -->
        <test-method is-config="true" signature="takeScreenShotOnFailure(org.testng.ITestResult)[pri:0, instance:com.Serviceobjectmodel.Scripts.HomeTest@428640fa]" started-at="2023-06-29T16:22:05 IST" name="takeScreenShotOnFailure" finished-at="2023-06-29T16:22:05 IST" duration-ms="1" status="PASS">
          <params>
            <param index="0">
              <value>
                <![CDATA[[TestResult name=verifyingColumn status=SUCCESS method=HomeTest.verifyingColumn()[pri:7, instance:com.Serviceobjectmodel.Scripts.HomeTest@428640fa] output={null}]]]>
              </value>
            </param>
          </params>
          <reporter-output>
          </reporter-output>
        </test-method> <!-- takeScreenShotOnFailure -->
        <test-method signature="verifyingnewColumn()[pri:8, instance:com.Serviceobjectmodel.Scripts.HomeTest@428640fa]" started-at="2023-06-29T16:22:05 IST" name="verifyingnewColumn" description="verifynew column of reparation page is visible " finished-at="2023-06-29T16:22:05 IST" duration-ms="95" status="PASS">
          <reporter-output>
          </reporter-output>
        </test-method> <!-- verifyingnewColumn -->
        <test-method is-config="true" signature="takeScreenShotOnFailure(org.testng.ITestResult)[pri:0, instance:com.Serviceobjectmodel.Scripts.HomeTest@428640fa]" started-at="2023-06-29T16:22:05 IST" name="takeScreenShotOnFailure" finished-at="2023-06-29T16:22:05 IST" duration-ms="1" status="PASS">
          <params>
            <param index="0">
              <value>
                <![CDATA[[TestResult name=verifyingnewColumn status=SUCCESS method=HomeTest.verifyingnewColumn()[pri:8, instance:com.Serviceobjectmodel.Scripts.HomeTest@428640fa] output={null}]]]>
              </value>
            </param>
          </params>
          <reporter-output>
          </reporter-output>
        </test-method> <!-- takeScreenShotOnFailure -->
        <test-method signature="verifyingColumnView()[pri:9, instance:com.Serviceobjectmodel.Scripts.HomeTest@428640fa]" started-at="2023-06-29T16:22:05 IST" name="verifyingColumnView" description="verify the checkbox is selectablev in column" finished-at="2023-06-29T16:22:05 IST" duration-ms="235" status="PASS">
          <reporter-output>
          </reporter-output>
        </test-method> <!-- verifyingColumnView -->
        <test-method is-config="true" signature="takeScreenShotOnFailure(org.testng.ITestResult)[pri:0, instance:com.Serviceobjectmodel.Scripts.HomeTest@428640fa]" started-at="2023-06-29T16:22:05 IST" name="takeScreenShotOnFailure" finished-at="2023-06-29T16:22:05 IST" duration-ms="0" status="PASS">
          <params>
            <param index="0">
              <value>
                <![CDATA[[TestResult name=verifyingColumnView status=SUCCESS method=HomeTest.verifyingColumnView()[pri:9, instance:com.Serviceobjectmodel.Scripts.HomeTest@428640fa] output={null}]]]>
              </value>
            </param>
          </params>
          <reporter-output>
          </reporter-output>
        </test-method> <!-- takeScreenShotOnFailure -->
        <test-method signature="verifyingurl()[pri:11, instance:com.Serviceobjectmodel.Scripts.HomeTest@428640fa]" started-at="2023-06-29T16:22:05 IST" name="verifyingurl" description="verify the page is move back to clientpage" finished-at="2023-06-29T16:22:06 IST" duration-ms="916" status="PASS">
          <reporter-output>
          </reporter-output>
        </test-method> <!-- verifyingurl -->
        <test-method is-config="true" signature="takeScreenShotOnFailure(org.testng.ITestResult)[pri:0, instance:com.Serviceobjectmodel.Scripts.HomeTest@428640fa]" started-at="2023-06-29T16:22:06 IST" name="takeScreenShotOnFailure" finished-at="2023-06-29T16:22:06 IST" duration-ms="1" status="PASS">
          <params>
            <param index="0">
              <value>
                <![CDATA[[TestResult name=verifyingurl status=SUCCESS method=HomeTest.verifyingurl()[pri:11, instance:com.Serviceobjectmodel.Scripts.HomeTest@428640fa] output={null}]]]>
              </value>
            </param>
          </params>
          <reporter-output>
          </reporter-output>
        </test-method> <!-- takeScreenShotOnFailure -->
      </class> <!-- com.Serviceobjectmodel.Scripts.HomeTest -->
    </test> <!-- Test -->
  </suite> <!-- Suite -->
</testng-results>
